Build started 23.06.2013 10:52:06.
     1>Project "c:\documents and settings\Admin\мои документы\visual studio 2010\Projects\webinar\webinar\webinar.vcxproj" on node 2 (build target(s)).
     1>InitializeBuildStatus:
         Touching "Debug\webinar.unsuccessfulbuild".
       ClCompile:
         C:\Program Files\Microsoft Visual Studio 10.0\VC\bin\CL.exe /c /ZI /nologo /W3 /WX- /Od /Oy- /D WIN32 /D _DEBUG /D _CONSOLE /D _UNICODE /D UNICODE /Gm /EHsc /RTC1 /MDd /GS /fp:precise /Zc:wchar_t /Zc:forScope /Fo"Debug\\" /Fd"Debug\vc100.pdb" /Gd /TP /analyze- /errorReport:prompt Main.cpp
         Main.cpp
       ManifestResourceCompile:
         C:\Program Files\Microsoft SDKs\Windows\v7.0A\bin\rc.exe /nologo /fo"Debug\webinar.exe.embed.manifest.res" Debug\webinar_manifest.rc 
       Link:
         C:\Program Files\Microsoft Visual Studio 10.0\VC\bin\link.exe /ERRORREPORT:PROMPT /OUT:"c:\documents and settings\admin\мои документы\visual studio 2010\Projects\webinar\Debug\webinar.exe" /INCREMENTAL /NOLOGO kernel32.lib user32.lib gdi32.lib winspool.lib comdlg32.lib advapi32.lib shell32.lib ole32.lib oleaut32.lib uuid.lib odbc32.lib odbccp32.lib /MANIFEST /ManifestFile:"Debug\webinar.exe.intermediate.manifest" /MANIFESTUAC:"level='asInvoker' uiAccess='false'" /DEBUG /PDB:"c:\documents and settings\admin\мои документы\visual studio 2010\Projects\webinar\Debug\webinar.pdb" /SUBSYSTEM:CONSOLE /TLBID:1 /DYNAMICBASE /NXCOMPAT /IMPLIB:"c:\documents and settings\admin\мои документы\visual studio 2010\Projects\webinar\Debug\webinar.lib" /MACHINE:X86 Debug\webinar.exe.embed.manifest.res
         Debug\Main.obj
       Manifest:
         C:\Program Files\Microsoft SDKs\Windows\v7.0A\bin\mt.exe /nologo /verbose /out:"Debug\webinar.exe.embed.manifest" /manifest Debug\webinar.exe.intermediate.manifest
         C:\Program Files\Microsoft SDKs\Windows\v7.0A\bin\rc.exe /nologo /fo"Debug\webinar.exe.embed.manifest.res" Debug\webinar_manifest.rc 
       LinkEmbedManifest:
         C:\Program Files\Microsoft Visual Studio 10.0\VC\bin\link.exe /ERRORREPORT:PROMPT /OUT:"c:\documents and settings\admin\мои документы\visual studio 2010\Projects\webinar\Debug\webinar.exe" /INCREMENTAL /NOLOGO kernel32.lib user32.lib gdi32.lib winspool.lib comdlg32.lib advapi32.lib shell32.lib ole32.lib oleaut32.lib uuid.lib odbc32.lib odbccp32.lib /MANIFEST /ManifestFile:"Debug\webinar.exe.intermediate.manifest" /MANIFESTUAC:"level='asInvoker' uiAccess='false'" /DEBUG /PDB:"c:\documents and settings\admin\мои документы\visual studio 2010\Projects\webinar\Debug\webinar.pdb" /SUBSYSTEM:CONSOLE /TLBID:1 /DYNAMICBASE /NXCOMPAT /IMPLIB:"c:\documents and settings\admin\мои документы\visual studio 2010\Projects\webinar\Debug\webinar.lib" /MACHINE:X86 Debug\webinar.exe.embed.manifest.res
         Debug\Main.obj
         webinar.vcxproj -> c:\documents and settings\admin\мои документы\visual studio 2010\Projects\webinar\Debug\webinar.exe
       FinalizeBuildStatus:
         Deleting file "Debug\webinar.unsuccessfulbuild".
         Touching "Debug\webinar.lastbuildstate".
     1>Done Building Project "c:\documents and settings\Admin\мои документы\visual studio 2010\Projects\webinar\webinar\webinar.vcxproj" (build target(s)).

Build succeeded.

Time Elapsed 00:00:03.26
